app/build/intermediates/manifest_merge_blame_file/debug/manifest-merger-blame-debug-report.txt
1<?xml version="1.0" encoding="utf-8"?>
2<manifest xmlns:android="http://schemas.android.com/apk/res/android"
3    package="com.google.mlkit.md"
4    android:installLocation="auto"
5    android:versionCode="1"
6    android:versionName="1.0" >
7
8    <uses-sdk
9        android:minSdkVersion="19"
9-->src/main/AndroidManifest.xml
10        android:targetSdkVersion="29" />
10-->src/main/AndroidManifest.xml
11
12    <uses-feature android:name="android.hardware.camera" />
12-->src/main/AndroidManifest.xml:7:3-57
12-->src/main/AndroidManifest.xml:7:17-55
13
14    <uses-permission android:name="android.permission.INTERNET" />
14-->src/main/AndroidManifest.xml:9:3-64
14-->src/main/AndroidManifest.xml:9:20-62
15    <uses-permission android:name="android.permission.CAMERA" />
15-->src/main/AndroidManifest.xml:10:3-62
15-->src/main/AndroidManifest.xml:10:20-60
16
17    <application
17-->src/main/AndroidManifest.xml:12:3-53:17
18        android:name="androidx.multidex.MultiDexApplication"
19        android:allowBackup="false"
19-->src/main/AndroidManifest.xml:13:7-34
20        android:appComponentFactory="androidx.core.app.CoreComponentFactory"
20-->[androidx.core:core:1.3.1] AndroidManifest.xml:24:18-86
21        android:debuggable="true"
22        android:icon="@drawable/logo_mlkit"
22-->src/main/AndroidManifest.xml:14:7-42
23        android:label="@string/app_name"
23-->src/main/AndroidManifest.xml:15:7-39
24        android:supportsRtl="true"
24-->src/main/AndroidManifest.xml:16:7-33
25        android:testOnly="true"
26        android:theme="@style/AppTheme" >
26-->src/main/AndroidManifest.xml:17:7-38
27        <meta-data
27-->src/main/AndroidManifest.xml:20:5-22:64
28            android:name="com.google.android.gms.version"
28-->src/main/AndroidManifest.xml:21:9-54
29            android:value="@integer/google_play_services_version" />
29-->src/main/AndroidManifest.xml:22:9-62
30
31        <activity
31-->src/main/AndroidManifest.xml:24:5-32:16
32            android:name="com.google.mlkit.md.MainActivity"
32-->src/main/AndroidManifest.xml:25:9-56
33            android:exported="true"
33-->src/main/AndroidManifest.xml:26:9-32
34            android:screenOrientation="portrait" >
34-->src/main/AndroidManifest.xml:27:9-45
35            <intent-filter>
35-->src/main/AndroidManifest.xml:28:7-31:23
36                <action android:name="android.intent.action.MAIN" />
36-->src/main/AndroidManifest.xml:29:9-60
36-->src/main/AndroidManifest.xml:29:17-58
37
38                <category android:name="android.intent.category.LAUNCHER" />
38-->src/main/AndroidManifest.xml:30:9-68
38-->src/main/AndroidManifest.xml:30:19-66
39            </intent-filter>
40        </activity>
41        <activity
41-->src/main/AndroidManifest.xml:34:5-38:16
42            android:name="com.google.mlkit.md.LiveObjectDetectionActivity"
42-->src/main/AndroidManifest.xml:35:9-71
43            android:exported="false"
43-->src/main/AndroidManifest.xml:36:9-33
44            android:screenOrientation="portrait" >
44-->src/main/AndroidManifest.xml:37:9-45
45        </activity>
46        <activity
46-->src/main/AndroidManifest.xml:40:5-44:16
47            android:name="com.google.mlkit.md.StaticObjectDetectionActivity"
47-->src/main/AndroidManifest.xml:41:9-73
48            android:exported="false"
48-->src/main/AndroidManifest.xml:42:9-33
49            android:screenOrientation="portrait" >
49-->src/main/AndroidManifest.xml:43:9-45
50        </activity>
51        <activity
51-->src/main/AndroidManifest.xml:46:5-51:16
52            android:name="com.google.mlkit.md.settings.SettingsActivity"
52-->src/main/AndroidManifest.xml:47:9-69
53            android:exported="false"
53-->src/main/AndroidManifest.xml:48:9-33
54            android:label="@string/settings_title"
54-->src/main/AndroidManifest.xml:49:9-47
55            android:screenOrientation="portrait" >
55-->src/main/AndroidManifest.xml:50:9-45
56        </activity>
57
58        <service
58-->[com.google.mlkit:object-detection:16.2.1] AndroidManifest.xml:8:9-14:19
59            android:name="com.google.mlkit.common.internal.MlKitComponentDiscoveryService"
59-->[com.google.mlkit:object-detection:16.2.1] AndroidManifest.xml:9:13-91
60            android:directBootAware="true"
60-->[com.google.mlkit:common:17.0.0] AndroidManifest.xml:17:13-43
61            android:exported="false" >
61-->[com.google.mlkit:object-detection:16.2.1] AndroidManifest.xml:10:13-37
62            <meta-data
62-->[com.google.mlkit:object-detection:16.2.1] AndroidManifest.xml:11:13-13:85
63                android:name="com.google.firebase.components:com.google.mlkit.vision.objects.defaults.internal.DefaultObjectsRegistrar"
63-->[com.google.mlkit:object-detection:16.2.1] AndroidManifest.xml:12:17-136
64                android:value="com.google.firebase.components.ComponentRegistrar" />
64-->[com.google.mlkit:object-detection:16.2.1] AndroidManifest.xml:13:17-82
65            <meta-data
65-->[com.google.mlkit:object-detection-custom:16.2.1] AndroidManifest.xml:11:13-13:85
66                android:name="com.google.firebase.components:com.google.mlkit.vision.objects.custom.internal.CustomObjectsRegistrar"
66-->[com.google.mlkit:object-detection-custom:16.2.1] AndroidManifest.xml:12:17-133
67                android:value="com.google.firebase.components.ComponentRegistrar" />
67-->[com.google.mlkit:object-detection-custom:16.2.1] AndroidManifest.xml:13:17-82
68            <meta-data
68-->[com.google.android.gms:play-services-mlkit-barcode-scanning:16.1.2] AndroidManifest.xml:12:13-14:85
69                android:name="com.google.firebase.components:com.google.mlkit.vision.barcode.internal.BarcodeRegistrar"
69-->[com.google.android.gms:play-services-mlkit-barcode-scanning:16.1.2] AndroidManifest.xml:13:17-120
70                android:value="com.google.firebase.components.ComponentRegistrar" />
70-->[com.google.android.gms:play-services-mlkit-barcode-scanning:16.1.2] AndroidManifest.xml:14:17-82
71            <meta-data
71-->[com.google.mlkit:vision-internal-vkp:17.0.1] AndroidManifest.xml:11:13-13:85
72                android:name="com.google.firebase.components:com.google.mlkit.vision.vkp.VkpRegistrar"
72-->[com.google.mlkit:vision-internal-vkp:17.0.1] AndroidManifest.xml:12:17-103
73                android:value="com.google.firebase.components.ComponentRegistrar" />
73-->[com.google.mlkit:vision-internal-vkp:17.0.1] AndroidManifest.xml:13:17-82
74            <meta-data
74-->[com.google.mlkit:vision-common:16.1.0] AndroidManifest.xml:12:13-14:85
75                android:name="com.google.firebase.components:com.google.mlkit.vision.common.internal.VisionCommonRegistrar"
75-->[com.google.mlkit:vision-common:16.1.0] AndroidManifest.xml:13:17-124
76                android:value="com.google.firebase.components.ComponentRegistrar" />
76-->[com.google.mlkit:vision-common:16.1.0] AndroidManifest.xml:14:17-82
77            <meta-data
77-->[com.google.mlkit:common:17.0.0] AndroidManifest.xml:20:13-22:85
78                android:name="com.google.firebase.components:com.google.mlkit.common.internal.CommonComponentRegistrar"
78-->[com.google.mlkit:common:17.0.0] AndroidManifest.xml:21:17-120
79                android:value="com.google.firebase.components.ComponentRegistrar" />
79-->[com.google.mlkit:common:17.0.0] AndroidManifest.xml:22:17-82
80        </service>
81
82        <provider
82-->[com.google.mlkit:common:17.0.0] AndroidManifest.xml:9:9-13:38
83            android:name="com.google.mlkit.common.internal.MlKitInitProvider"
83-->[com.google.mlkit:common:17.0.0] AndroidManifest.xml:10:13-78
84            android:authorities="com.google.mlkit.md.mlkitinitprovider"
84-->[com.google.mlkit:common:17.0.0] AndroidManifest.xml:11:13-69
85            android:exported="false"
85-->[com.google.mlkit:common:17.0.0] AndroidManifest.xml:12:13-37
86            android:initOrder="99" />
86-->[com.google.mlkit:common:17.0.0] AndroidManifest.xml:13:13-35
87
88        <activity
88-->[com.google.android.gms:play-services-base:17.0.0] AndroidManifest.xml:23:9-26:75
89            android:name="com.google.android.gms.common.api.GoogleApiActivity"
89-->[com.google.android.gms:play-services-base:17.0.0] AndroidManifest.xml:24:13-79
90            android:exported="false"
90-->[com.google.android.gms:play-services-base:17.0.0] AndroidManifest.xml:25:13-37
91            android:theme="@android:style/Theme.Translucent.NoTitleBar" />
91-->[com.google.android.gms:play-services-base:17.0.0] AndroidManifest.xml:26:13-72
92
93        <provider
93-->[androidx.lifecycle:lifecycle-process:2.1.0] AndroidManifest.xml:23:9-27:43
94            android:name="androidx.lifecycle.ProcessLifecycleOwnerInitializer"
94-->[androidx.lifecycle:lifecycle-process:2.1.0] AndroidManifest.xml:24:13-79
95            android:authorities="com.google.mlkit.md.lifecycle-process"
95-->[androidx.lifecycle:lifecycle-process:2.1.0] AndroidManifest.xml:25:13-69
96            android:exported="false"
96-->[androidx.lifecycle:lifecycle-process:2.1.0] AndroidManifest.xml:26:13-37
97            android:multiprocess="true" />
97-->[androidx.lifecycle:lifecycle-process:2.1.0] AndroidManifest.xml:27:13-40
98    </application>
99
100</manifest>